<?xml version="1.0" encoding="UTF-8"?>
<!-- Generated by org.testng.reporters.JUnitReportReporter -->
<testsuite skipped="0" hostname="LAPTOP-D8QKOMSP" name="com.Test.Selenium" tests="1" failures="0" timestamp="04 Mar 2019 16:37:51 GMT" time="15.023" errors="0">
  <testcase name="profilecreation" time="15.023" classname="com.Test.Selenium"/>
</testsuite> <!-- com.Test.Selenium -->
