<?xml version="1.0" encoding="UTF-8"?>
<!-- Generated by org.testng.reporters.JUnitReportReporter -->
<testsuite skipped="0" hostname="LAPTOP-D8QKOMSP" name="com.Test.qa.selenium.FirstTestngTest" tests="1" failures="0" timestamp="04 Mar 2019 20:14:31 GMT" time="18.125" errors="0">
  <testcase name="profilecreation" time="18.125" classname="com.Test.qa.selenium.FirstTestngTest"/>
</testsuite> <!-- com.Test.qa.selenium.FirstTestngTest -->
