<?xml version="1.0" encoding="UTF-8"?>
<!-- Generated by org.testng.reporters.JUnitReportReporter -->
<testsuite skipped="0" hostname="LAPTOP-D8QKOMSP" name="com.Test.qa.selenium.Testbe2" tests="1" failures="0" timestamp="04 Mar 2019 20:30:57 GMT" time="20.333" errors="0">
  <testcase name="profileVerification" time="20.333" classname="com.Test.qa.selenium.Testbe2"/>
</testsuite> <!-- com.Test.qa.selenium.Testbe2 -->
