<?xml version="1.0" encoding="UTF-8"?>
<!-- Generated by org.testng.reporters.JUnitReportReporter -->
<testsuite skipped="0" hostname="LAPTOP-D8QKOMSP" name="com.Test.qa.selenium.FirstTestngTest" tests="1" failures="0" timestamp="11 Dec 2018 15:50:08 GMT" time="5.689" errors="0">
  <testcase name="init" time="5.689" classname="com.Test.qa.selenium.FirstTestngTest"/>
</testsuite> <!-- com.Test.qa.selenium.FirstTestngTest -->
